  AddRuleCommand.cpp
  ChomskyCommand.cpp
  CloseCommand.cpp
  ExitCommand.cpp
  GrammarSet.cpp
c:\users\home pc\desktop\github-repositories\context-free-grammar\context-free grammer\context-free grammer\grammarset.cpp(66): warning C4018: '<': signed/unsigned mismatch
c:\users\home pc\desktop\github-repositories\context-free-grammar\context-free grammer\context-free grammer\grammarset.cpp(82): warning C4018: '<': signed/unsigned mismatch
c:\users\home pc\desktop\github-repositories\context-free-grammar\context-free grammer\context-free grammer\grammarset.cpp(118): warning C4018: '<': signed/unsigned mismatch
c:\users\home pc\desktop\github-repositories\context-free-grammar\context-free grammer\context-free grammer\grammarset.cpp(120): warning C4018: '<': signed/unsigned mismatch
c:\users\home pc\desktop\github-repositories\context-free-grammar\context-free grammer\context-free grammer\grammarset.cpp(323): warning C4018: '<': signed/unsigned mismatch
c:\users\home pc\desktop\github-repositories\context-free-grammar\context-free grammer\context-free grammer\grammarset.cpp(325): warning C4018: '<': signed/unsigned mismatch
  HelpCommand.cpp
  Invoker.cpp
  IterCommand.cpp
  ListCommand.cpp
  OpenCommand.cpp
  PrintCommand.cpp
  RemoveRuleCommand.cpp
  SaveAsCommand.cpp
  SaveCommand.cpp
  main.cpp
  Generating Code...
  Context-free grammer.vcxproj -> C:\Users\Home PC\Desktop\github-repositories\Context-free-grammar\Context-free grammer\Debug\Context-free grammer.exe
